
 PRINT ALONG PATH DEFINED BY LPATH COMMAND.  DSYS=  0
 
 ***** PATH VARIABLE SUMMARY *****                                             
 
      S            ZG           EFSUM   
   0.0000       1.0000       121.95     
  0.20000E-002 0.99800       121.95     
  0.40000E-002 0.99600       121.96     
  0.60000E-002 0.99400       121.96     
  0.80000E-002 0.99200       121.96     
  0.10000E-001 0.99000       121.97     
  0.12000E-001 0.98800       121.97     
  0.14000E-001 0.98600       121.98     
  0.16000E-001 0.98400       121.98     
  0.18000E-001 0.98200       121.98     
  0.20000E-001 0.98000       121.99     
  0.22000E-001 0.97800       121.99     
  0.24000E-001 0.97600       121.99     
  0.26000E-001 0.97400       122.00     
  0.28000E-001 0.97200       122.00     
  0.30000E-001 0.97000       122.00     
  0.32000E-001 0.96800       122.01     
  0.34000E-001 0.96600       122.01     
  0.36000E-001 0.96400       122.01     
  0.38000E-001 0.96200       122.02     
  0.40000E-001 0.96000       122.02     
  0.42000E-001 0.95800       122.02     
  0.44000E-001 0.95600       122.03     
  0.46000E-001 0.95400       122.03     
  0.48000E-001 0.95200       122.04     
  0.50000E-001 0.95000       122.04     
  0.52000E-001 0.94800       122.04     
  0.54000E-001 0.94600       122.05     
  0.56000E-001 0.94400       122.05     
  0.58000E-001 0.94200       122.05     
  0.60000E-001 0.94000       122.06     
  0.62000E-001 0.93800       122.06     
  0.64000E-001 0.93600       122.06     
  0.66000E-001 0.93400       122.07     
  0.68000E-001 0.93200       122.07     
  0.70000E-001 0.93000       122.07     
  0.72000E-001 0.92800       122.08     
  0.74000E-001 0.92600       122.08     
  0.76000E-001 0.92400       122.08     
  0.78000E-001 0.92200       122.09     
  0.80000E-001 0.92000       122.09     
  0.82000E-001 0.91800       122.10     
  0.84000E-001 0.91600       122.10     
  0.86000E-001 0.91400       122.10     
  0.88000E-001 0.91200       122.11     
  0.90000E-001 0.91000       122.11     
  0.92000E-001 0.90800       122.11     
  0.94000E-001 0.90600       122.12     
  0.96000E-001 0.90400       122.12     
  0.98000E-001 0.90200       122.12     
  0.10000      0.90000       122.13     
  0.10200      0.89800       122.13     
  0.10400      0.89600       122.13     
  0.10600      0.89400       122.14     
  0.10800      0.89200       122.14     
  0.11000      0.89000       122.14     
  0.11200      0.88800       122.15     
  0.11400      0.88600       122.15     
  0.11600      0.88400       122.16     
  0.11800      0.88200       122.16     
  0.12000      0.88000       122.16     
  0.12200      0.87800       122.17     
  0.12400      0.87600       122.17     
  0.12600      0.87400       122.17     
  0.12800      0.87200       122.18     
  0.13000      0.87000       122.18     
  0.13200      0.86800       122.18     
  0.13400      0.86600       122.19     
  0.13600      0.86400       122.19     
  0.13800      0.86200       122.19     
  0.14000      0.86000       122.20     
  0.14200      0.85800       122.20     
  0.14400      0.85600       122.20     
  0.14600      0.85400       122.21     
  0.14800      0.85200       122.21     
  0.15000      0.85000       122.22     
  0.15200      0.84800       122.22     
  0.15400      0.84600       122.22     
  0.15600      0.84400       122.21     
  0.15800      0.84200       122.21     
  0.16000      0.84000       122.21     
  0.16200      0.83800       122.20     
  0.16400      0.83600       122.20     
  0.16600      0.83400       122.19     
  0.16800      0.83200       122.19     
  0.17000      0.83000       122.18     
  0.17200      0.82800       122.18     
  0.17400      0.82600       122.18     
  0.17600      0.82400       122.17     
  0.17800      0.82200       122.17     
  0.18000      0.82000       122.16     
  0.18200      0.81800       122.16     
  0.18400      0.81600       122.15     
  0.18600      0.81400       122.15     
  0.18800      0.81200       122.14     
  0.19000      0.81000       122.14     
  0.19200      0.80800       122.14     
  0.19400      0.80600       122.13     
  0.19600      0.80400       122.13     
  0.19800      0.80200       122.12     
  0.20000      0.80000       122.12     
  0.20200      0.79800       122.12     
  0.20400      0.79600       122.11     
  0.20600      0.79400       122.11     
  0.20800      0.79200       122.10     
  0.21000      0.79000       122.10     
  0.21200      0.78800       122.09     
  0.21400      0.78600       122.09     
  0.21600      0.78400       122.09     
  0.21800      0.78200       122.08     
  0.22000      0.78000       122.08     
  0.22200      0.77800       122.07     
  0.22400      0.77600       122.07     
  0.22600      0.77400       122.07     
  0.22800      0.77200       122.06     
  0.23000      0.77000       122.06     
  0.23200      0.76800       122.05     
  0.23400      0.76600       122.05     
  0.23600      0.76400       122.04     
  0.23800      0.76200       122.04     
  0.24000      0.76000       122.04     
  0.24200      0.75800       122.03     
  0.24400      0.75600       122.03     
  0.24600      0.75400       122.02     
  0.24800      0.75200       122.02     
  0.25000      0.75000       122.02     
  0.25200      0.74800       122.01     
  0.25400      0.74600       122.01     
  0.25600      0.74400       122.00     
  0.25800      0.74200       122.00     
  0.26000      0.74000       122.00     
  0.26200      0.73800       121.99     
  0.26400      0.73600       121.99     
  0.26600      0.73400       121.99     
  0.26800      0.73200       121.98     
  0.27000      0.73000       121.98     
  0.27200      0.72800       121.97     
  0.27400      0.72600       121.97     
  0.27600      0.72400       121.97     
  0.27800      0.72200       121.96     
  0.28000      0.72000       121.96     
  0.28200      0.71800       121.95     
  0.28400      0.71600       121.95     
  0.28600      0.71400       121.95     
  0.28800      0.71200       121.94     
  0.29000      0.71000       121.94     
  0.29200      0.70800       121.93     
  0.29400      0.70600       121.93     
  0.29600      0.70400       121.93     
  0.29800      0.70200       121.92     
  0.30000      0.70000       121.92     
  0.30200      0.69800       121.92     
  0.30400      0.69600       121.91     
  0.30600      0.69400       121.91     
  0.30800      0.69200       121.90     
  0.31000      0.69000       121.90     
  0.31200      0.68800       121.90     
  0.31400      0.68600       121.89     
  0.31600      0.68400       121.89     
  0.31800      0.68200       121.88     
  0.32000      0.68000       121.87     
  0.32200      0.67800       121.86     
  0.32400      0.67600       121.86     
  0.32600      0.67400       121.85     
  0.32800      0.67200       121.84     
  0.33000      0.67000       121.83     
  0.33200      0.66800       121.83     
  0.33400      0.66600       121.82     
  0.33600      0.66400       121.81     
  0.33800      0.66200       121.80     
  0.34000      0.66000       121.80     
  0.34200      0.65800       121.73     
  0.34400      0.65600       121.66     
  0.34600      0.65400       121.58     
  0.34800      0.65200       121.50     
  0.35000      0.65000       121.42     
  0.35200      0.64800       121.35     
  0.35400      0.64600       121.27     
  0.35600      0.64400       121.19     
  0.35800      0.64200       121.11     
  0.36000      0.64000       121.04     
  0.36200      0.63800       120.96     
  0.36400      0.63600       120.88     
  0.36600      0.63400       120.80     
  0.36800      0.63200       120.73     
  0.37000      0.63000       120.65     
  0.37200      0.62800       120.57     
  0.37400      0.62600       120.50     
  0.37600      0.62400       120.42     
  0.37800      0.62200       120.34     
  0.38000      0.62000       120.26     
  0.38200      0.61800       120.19     
  0.38400      0.61600       120.11     
  0.38600      0.61400       120.03     
  0.38800      0.61200       119.95     
  0.39000      0.61000       119.88     
  0.39200      0.60800       119.80     
  0.39400      0.60600       119.72     
  0.39600      0.60400       119.65     
  0.39800      0.60200       119.57     
  0.40000      0.60000       119.49     
  0.40200      0.59800       119.41     
  0.40400      0.59600       119.34     
  0.40600      0.59400       119.26     
  0.40800      0.59200       119.18     
  0.41000      0.59000       119.22     
  0.41200      0.58800       119.27     
  0.41400      0.58600       119.31     
  0.41600      0.58400       119.35     
  0.41800      0.58200       119.39     
  0.42000      0.58000       119.44     
  0.42200      0.57800       119.48     
  0.42400      0.57600       119.52     
  0.42600      0.57400       119.57     
  0.42800      0.57200       119.62     
  0.43000      0.57000       119.66     
  0.43200      0.56800       119.71     
  0.43400      0.56600       119.76     
  0.43600      0.56400       119.80     
  0.43800      0.56200       119.85     
  0.44000      0.56000       119.90     
  0.44200      0.55800       119.95     
  0.44400      0.55600       120.00     
  0.44600      0.55400       120.05     
  0.44800      0.55200       120.10     
  0.45000      0.55000       120.15     
  0.45200      0.54800       120.20     
  0.45400      0.54600       120.25     
  0.45600      0.54400       120.30     
  0.45800      0.54200       120.52     
  0.46000      0.54000       120.85     
  0.46200      0.53800       121.18     
  0.46400      0.53600       121.51     
  0.46600      0.53400       121.84     
  0.46800      0.53200       122.17     
  0.47000      0.53000       122.50     
  0.47200      0.52800       122.83     
  0.47400      0.52600       123.16     
  0.47600      0.52400       123.49     
  0.47800      0.52200       123.82     
  0.48000      0.52000       124.15     
  0.48200      0.51800       124.48     
  0.48400      0.51600       124.81     
  0.48600      0.51400       125.14     
  0.48800      0.51200       125.47     
  0.49000      0.51000       125.80     
  0.49200      0.50800       126.13     
  0.49400      0.50600       126.46     
  0.49600      0.50400       126.79     
  0.49800      0.50200       127.12     
  0.50000      0.50000       127.45     
  0.50200      0.49800       127.78     
  0.50400      0.49600       128.11     
  0.50600      0.49400       128.44     
  0.50800      0.49200       128.77     
  0.51000      0.49000       129.10     
  0.51200      0.48800       129.43     
  0.51400      0.48600       129.76     
  0.51600      0.48400       130.09     
  0.51800      0.48200       130.42     
  0.52000      0.48000       130.75     
  0.52200      0.47800       131.08     
  0.52400      0.47600       131.41     
  0.52600      0.47400       131.74     
  0.52800      0.47200       132.07     
  0.53000      0.47000       132.40     
  0.53200      0.46800       132.73     
  0.53400      0.46600       133.06     
  0.53600      0.46400       133.39     
  0.53800      0.46200       133.72     
  0.54000      0.46000       134.05     
  0.54200      0.45800       134.38     
  0.54400      0.45600       134.71     
  0.54600      0.45400       135.04     
  0.54800      0.45200       135.37     
  0.55000      0.45000       135.70     
  0.55200      0.44800       136.03     
  0.55400      0.44600       136.36     
  0.55600      0.44400       136.69     
  0.55800      0.44200       137.03     
  0.56000      0.44000       137.36     
  0.56200      0.43800       137.69     
  0.56400      0.43600       138.02     
  0.56600      0.43400       138.35     
  0.56800      0.43200       138.68     
  0.57000      0.43000       139.01     
  0.57200      0.42800       139.34     
  0.57400      0.42600       139.67     
  0.57600      0.42400       140.00     
  0.57800      0.42200       140.33     
  0.58000      0.42000       140.66     
  0.58200      0.41800       140.99     
  0.58400      0.41600       141.32     
  0.58600      0.41400       141.65     
  0.58800      0.41200       141.98     
  0.59000      0.41000       142.32     
  0.59200      0.40800       142.65     
  0.59400      0.40600       142.98     
  0.59600      0.40400       143.31     
  0.59800      0.40200       143.64     
  0.60000      0.40000       143.97     
  0.60200      0.39800       144.63     
  0.60400      0.39600       146.51     
  0.60600      0.39400       148.40     
  0.60800      0.39200       150.29     
  0.61000      0.39000       152.18     
  0.61200      0.38800       154.08     
  0.61400      0.38600       155.98     
  0.61600      0.38400       157.94     
  0.61800      0.38200       160.32     
  0.62000      0.38000       162.70     
  0.62200      0.37800       165.09     
  0.62400      0.37600       167.48     
  0.62600      0.37400       169.87     
  0.62800      0.37200       172.27     
  0.63000      0.37000       174.66     
  0.63200      0.36800       177.06     
  0.63400      0.36600       179.47     
  0.63600      0.36400       181.87     
  0.63800      0.36200       184.28     
  0.64000      0.36000       186.68     
  0.64200      0.35800       189.09     
  0.64400      0.35600       191.50     
  0.64600      0.35400       193.92     
  0.64800      0.35200       196.33     
  0.65000      0.35000       198.75     
  0.65200      0.34800       201.17     
  0.65400      0.34600       203.58     
  0.65600      0.34400       206.00     
  0.65800      0.34200       208.43     
  0.66000      0.34000       210.85     
  0.66200      0.33800       213.27     
  0.66400      0.33600       215.70     
  0.66600      0.33400       218.13     
  0.66800      0.33200       220.55     
  0.67000      0.33000       222.98     
  0.67200      0.32800       225.41     
  0.67400      0.32600       227.85     
  0.67600      0.32400       230.28     
  0.67800      0.32200       232.71     
  0.68000      0.32000       235.14     
  0.68200      0.31800       237.58     
  0.68400      0.31600       240.02     
  0.68600      0.31400       242.45     
  0.68800      0.31200       244.89     
  0.69000      0.31000       247.33     
  0.69200      0.30800       249.77     
  0.69400      0.30600       252.21     
  0.69600      0.30400       254.65     
  0.69800      0.30200       257.09     
  0.70000      0.30000       259.53     
  0.70200      0.29800       261.97     
  0.70400      0.29600       264.42     
  0.70600      0.29400       270.03     
  0.70800      0.29200       277.32     
  0.71000      0.29000       284.64     
  0.71200      0.28800       291.99     
  0.71400      0.28600       299.37     
  0.71600      0.28400       306.79     
  0.71800      0.28200       314.22     
  0.72000      0.28000       321.68     
  0.72200      0.27800       329.16     
  0.72400      0.27600       336.67     
  0.72600      0.27400       344.19     
  0.72800      0.27200       351.73     
  0.73000      0.27000       359.29     
  0.73200      0.26800       366.86     
  0.73400      0.26600       374.45     
  0.73600      0.26400       382.05     
  0.73800      0.26200       393.50     
  0.74000      0.26000       405.01     
  0.74200      0.25800       416.52     
  0.74400      0.25600       428.03     
  0.74600      0.25400       439.55     
  0.74800      0.25200       451.08     
  0.75000      0.25000       462.60     
  0.75200      0.24800       474.13     
  0.75400      0.24600       485.67     
  0.75600      0.24400       497.20     
  0.75800      0.24200       508.74     
  0.76000      0.24000       520.29     
  0.76200      0.23800       531.83     
  0.76400      0.23600       543.38     
  0.76600      0.23400       554.93     
  0.76800      0.23200       566.48     
  0.77000      0.23000       578.03     
  0.77200      0.22800       589.58     
  0.77400      0.22600       601.14     
  0.77600      0.22400       612.70     
  0.77800      0.22200       624.25     
  0.78000      0.22000       635.81     
  0.78200      0.21800       647.38     
  0.78400      0.21600       658.94     
  0.78600      0.21400       670.50     
  0.78800      0.21200       682.07     
  0.79000      0.21000       693.63     
  0.79200      0.20800       705.20     
  0.79400      0.20600       716.77     
  0.79600      0.20400       728.34     
  0.79800      0.20200       739.90     
  0.80000      0.20000       751.48     
  0.80200      0.19800       763.05     
  0.80400      0.19600       774.62     
  0.80600      0.19400       786.19     
  0.80800      0.19200       797.76     
  0.81000      0.19000       809.89     
  0.81200      0.18800       822.59     
  0.81400      0.18600       837.19     
  0.81600      0.18400       855.57     
  0.81800      0.18200       873.96     
  0.82000      0.18000       892.36     
  0.82200      0.17800       910.75     
  0.82400      0.17600       929.16     
  0.82600      0.17400       947.56     
  0.82800      0.17200       965.97     
  0.83000      0.17000       984.39     
  0.83200      0.16800       1002.8     
  0.83400      0.16600       1021.2     
  0.83600      0.16400       1039.6     
  0.83800      0.16200       1058.1     
  0.84000      0.16000       1076.5     
  0.84200      0.15800       1096.3     
  0.84400      0.15600       1116.7     
  0.84600      0.15400       1137.1     
  0.84800      0.15200       1157.4     
  0.85000      0.15000       1177.8     
  0.85200      0.14800       1198.1     
  0.85400      0.14600       1218.0     
  0.85600      0.14400       1237.5     
  0.85800      0.14200       1256.9     
  0.86000      0.14000       1276.3     
  0.86200      0.13800       1295.8     
  0.86400      0.13600       1315.2     
  0.86600      0.13400       1334.7     
  0.86800      0.13200       1354.1     
  0.87000      0.13000       1373.5     
  0.87200      0.12800       1393.0     
  0.87400      0.12600       1412.1     
  0.87600      0.12400       1429.6     
  0.87800      0.12200       1447.1     
  0.88000      0.12000       1464.6     
  0.88200      0.11800       1482.1     
  0.88400      0.11600       1499.5     
  0.88600      0.11400       1517.0     
  0.88800      0.11200       1534.5     
  0.89000      0.11000       1552.2     
  0.89200      0.10800       1570.2     
  0.89400      0.10600       1588.2     
  0.89600      0.10400       1606.1     
  0.89800      0.10200       1624.1     
  0.90000      0.10000       1642.0     
  0.90200      0.98000E-001  1660.0     
  0.90400      0.96000E-001  1677.8     
  0.90600      0.94000E-001  1695.5     
  0.90800      0.92000E-001  1713.3     
  0.91000      0.90000E-001  1731.1     
  0.91200      0.88000E-001  1748.8     
  0.91400      0.86000E-001  1766.6     
  0.91600      0.84000E-001  1784.2     
  0.91800      0.82000E-001  1799.3     
  0.92000      0.80000E-001  1814.5     
  0.92200      0.78000E-001  1829.7     
  0.92400      0.76000E-001  1844.8     
  0.92600      0.74000E-001  1860.0     
  0.92800      0.72000E-001  1874.9     
  0.93000      0.70000E-001  1889.8     
  0.93200      0.68000E-001  1904.7     
  0.93400      0.66000E-001  1919.7     
  0.93600      0.64000E-001  1934.8     
  0.93800      0.62000E-001  1949.9     
  0.94000      0.60000E-001  1962.4     
  0.94200      0.58000E-001  1975.2     
  0.94400      0.56000E-001  1988.1     
  0.94600      0.54000E-001  2001.0     
  0.94800      0.52000E-001  2013.8     
  0.95000      0.50000E-001  2026.7     
  0.95200      0.48000E-001  2039.6     
  0.95400      0.46000E-001  2052.5     
  0.95600      0.44000E-001  2065.4     
  0.95800      0.42000E-001  2078.6     
  0.96000      0.40000E-001  2091.8     
  0.96200      0.38000E-001  2101.2     
  0.96400      0.36000E-001  2110.7     
  0.96600      0.34000E-001  2120.2     
  0.96800      0.32000E-001  2129.7     
  0.97000      0.30000E-001  2139.3     
  0.97200      0.28000E-001  2149.1     
  0.97400      0.26000E-001  2158.9     
  0.97600      0.24000E-001  2168.7     
  0.97800      0.22000E-001  2178.5     
  0.98000      0.20000E-001  2188.3     
  0.98200      0.18000E-001  2198.1     
  0.98400      0.16000E-001  2201.5     
  0.98600      0.14000E-001  2203.4     
  0.98800      0.12000E-001  2205.3     
  0.99000      0.10000E-001  2207.2     
  0.99200      0.80000E-002  2209.1     
  0.99400      0.60000E-002  2211.0     
  0.99600      0.40000E-002  2212.9     
  0.99800      0.20000E-002  2214.8     
   1.0000     -0.87430E-015  2216.7     
   1.0020     -0.20000E-002  2212.7     
   1.0040     -0.40000E-002  2208.4     
   1.0060     -0.60000E-002  2204.1     
   1.0080     -0.80000E-002  2200.0     
   1.0100     -0.10000E-001  2195.8     
   1.0120     -0.12000E-001  2191.7     
   1.0140     -0.14000E-001  2187.5     
   1.0160     -0.16000E-001  2183.4     
   1.0180     -0.18000E-001  2179.2     
   1.0200     -0.20000E-001  2175.1     
   1.0220     -0.22000E-001  2170.9     
   1.0240     -0.24000E-001  2166.7     
   1.0260     -0.26000E-001  2162.6     
   1.0280     -0.28000E-001  2158.4     
   1.0300     -0.30000E-001  2154.3     
   1.0320     -0.32000E-001  2150.1     
   1.0340     -0.34000E-001  2146.0     
   1.0360     -0.36000E-001  2141.8     
   1.0380     -0.38000E-001  2137.6     
   1.0400     -0.40000E-001  2131.3     
   1.0420     -0.42000E-001  2120.0     
   1.0440     -0.44000E-001  2109.0     
   1.0460     -0.46000E-001  2098.0     
   1.0480     -0.48000E-001  2087.0     
   1.0500     -0.50000E-001  2076.0     
   1.0520     -0.52000E-001  2065.0     
   1.0540     -0.54000E-001  2054.0     
   1.0560     -0.56000E-001  2043.3     
   1.0580     -0.58000E-001  2032.5     
   1.0600     -0.60000E-001  2021.7     
   1.0620     -0.62000E-001  2011.0     
   1.0640     -0.64000E-001  1998.1     
   1.0660     -0.66000E-001  1985.3     
   1.0680     -0.68000E-001  1972.5     
   1.0700     -0.70000E-001  1959.7     
   1.0720     -0.72000E-001  1946.9     
   1.0740     -0.74000E-001  1934.2     
   1.0760     -0.76000E-001  1921.4     
   1.0780     -0.78000E-001  1908.7     
   1.0800     -0.80000E-001  1896.1     
   1.0820     -0.82000E-001  1883.4     
   1.0840     -0.84000E-001  1870.8     
   1.0860     -0.86000E-001  1857.1     
   1.0880     -0.88000E-001  1843.4     
   1.0900     -0.90000E-001  1829.7     
   1.0920     -0.92000E-001  1815.4     
   1.0940     -0.94000E-001  1800.1     
   1.0960     -0.96000E-001  1784.9     
   1.0980     -0.98000E-001  1769.6     
   1.1000     -0.10000       1754.4     
   1.1020     -0.10200       1739.2     
   1.1040     -0.10400       1724.0     
   1.1060     -0.10600       1708.7     
   1.1080     -0.10800       1693.5     
   1.1100     -0.11000       1678.3     
   1.1120     -0.11200       1663.0     
   1.1140     -0.11400       1647.8     
   1.1160     -0.11600       1632.6     
   1.1180     -0.11800       1617.3     
   1.1200     -0.12000       1601.5     
   1.1220     -0.12200       1583.8     
   1.1240     -0.12400       1566.1     
   1.1260     -0.12600       1548.4     
   1.1280     -0.12800       1530.6     
   1.1300     -0.13000       1512.7     
   1.1320     -0.13200       1494.9     
   1.1340     -0.13400       1477.1     
   1.1360     -0.13600       1459.2     
   1.1380     -0.13800       1441.4     
   1.1400     -0.14000       1423.6     
   1.1420     -0.14200       1405.7     
   1.1440     -0.14400       1387.9     
   1.1460     -0.14600       1370.1     
   1.1480     -0.14800       1352.2     
   1.1500     -0.15000       1334.4     
   1.1520     -0.15200       1316.6     
   1.1540     -0.15400       1298.8     
   1.1560     -0.15600       1281.0     
   1.1580     -0.15800       1263.1     
   1.1600     -0.16000       1245.3     
   1.1620     -0.16200       1227.5     
   1.1640     -0.16400       1209.7     
   1.1660     -0.16600       1191.9     
   1.1680     -0.16800       1174.0     
   1.1700     -0.17000       1156.0     
   1.1720     -0.17200       1137.8     
   1.1740     -0.17400       1119.5     
   1.1760     -0.17600       1101.3     
   1.1780     -0.17800       1083.1     
   1.1800     -0.18000       1064.8     
   1.1820     -0.18200       1046.6     
   1.1840     -0.18400       1028.4     
   1.1860     -0.18600       1010.1     
   1.1880     -0.18800       991.77     
   1.1900     -0.19000       971.40     
   1.1920     -0.19200       951.04     
   1.1940     -0.19400       935.60     
   1.1960     -0.19600       928.23     
   1.1980     -0.19800       920.86     
   1.2000     -0.20000       913.49     
   1.2020     -0.20200       906.12     
   1.2040     -0.20400       898.75     
   1.2060     -0.20600       891.38     
   1.2080     -0.20800       884.01     
   1.2100     -0.21000       876.64     
   1.2120     -0.21200       869.28     
   1.2140     -0.21400       861.91     
   1.2160     -0.21600       854.54     
   1.2180     -0.21800       847.18     
   1.2200     -0.22000       839.81     
   1.2220     -0.22200       832.45     
   1.2240     -0.22400       825.08     
   1.2260     -0.22600       817.72     
   1.2280     -0.22800       810.36     
   1.2300     -0.23000       802.99     
   1.2320     -0.23200       795.63     
   1.2340     -0.23400       788.27     
   1.2360     -0.23600       780.91     
   1.2380     -0.23800       773.55     
   1.2400     -0.24000       766.84     
   1.2420     -0.24200       760.14     
   1.2440     -0.24400       753.45     
   1.2460     -0.24600       746.75     
   1.2480     -0.24800       740.06     
   1.2500     -0.25000       733.37     
   1.2520     -0.25200       726.69     
   1.2540     -0.25400       719.53     
   1.2560     -0.25600       708.83     
   1.2580     -0.25800       698.14     
   1.2600     -0.26000       687.45     
   1.2620     -0.26200       676.77     
   1.2640     -0.26400       666.10     
   1.2660     -0.26600       655.43     
   1.2680     -0.26800       644.77     
   1.2700     -0.27000       634.12     
   1.2720     -0.27200       623.47     
   1.2740     -0.27400       612.84     
   1.2760     -0.27600       602.21     
   1.2780     -0.27800       592.00     
   1.2800     -0.28000       582.21     
   1.2820     -0.28200       572.42     
   1.2840     -0.28400       562.62     
   1.2860     -0.28600       552.83     
   1.2880     -0.28800       545.29     
   1.2900     -0.29000       543.14     
   1.2920     -0.29200       541.46     
   1.2940     -0.29400       539.82     
   1.2960     -0.29600       538.21     
   1.2980     -0.29800       536.64     
   1.3000     -0.30000       535.09     
   1.3020     -0.30200       532.40     
   1.3040     -0.30400       529.51     
   1.3060     -0.30600       526.61     
   1.3080     -0.30800       523.72     
   1.3100     -0.31000       520.82     
   1.3120     -0.31200       517.93     
   1.3140     -0.31400       515.04     
   1.3160     -0.31600       512.14     
   1.3180     -0.31800       509.25     
   1.3200     -0.32000       506.36     
   1.3220     -0.32200       503.46     
   1.3240     -0.32400       500.57     
   1.3260     -0.32600       497.68     
   1.3280     -0.32800       494.79     
   1.3300     -0.33000       491.89     
   1.3320     -0.33200       489.00     
   1.3340     -0.33400       486.11     
   1.3360     -0.33600       483.22     
   1.3380     -0.33800       480.33     
   1.3400     -0.34000       477.44     
   1.3420     -0.34200       474.54     
   1.3440     -0.34400       471.65     
   1.3460     -0.34600       468.76     
   1.3480     -0.34800       465.87     
   1.3500     -0.35000       462.98     
   1.3520     -0.35200       460.10     
   1.3540     -0.35400       457.21     
   1.3560     -0.35600       454.32     
   1.3580     -0.35800       451.43     
   1.3600     -0.36000       448.54     
   1.3620     -0.36200       445.65     
   1.3640     -0.36400       442.76     
   1.3660     -0.36600       439.88     
   1.3680     -0.36800       436.99     
   1.3700     -0.37000       434.10     
   1.3720     -0.37200       431.22     
   1.3740     -0.37400       428.33     
   1.3760     -0.37600       425.44     
   1.3780     -0.37800       422.56     
   1.3800     -0.38000       419.67     
   1.3820     -0.38200       416.79     
   1.3840     -0.38400       413.90     
   1.3860     -0.38600       411.02     
   1.3880     -0.38800       408.14     
   1.3900     -0.39000       405.25     
   1.3920     -0.39200       402.37     
   1.3940     -0.39400       399.49     
   1.3960     -0.39600       396.61     
   1.3980     -0.39800       393.72     
   1.4000     -0.40000       390.84     
   1.4020     -0.40200       387.96     
   1.4040     -0.40400       385.08     
   1.4060     -0.40600       382.20     
   1.4080     -0.40800       379.32     
   1.4100     -0.41000       376.44     
   1.4120     -0.41200       373.56     
   1.4140     -0.41400       370.69     
   1.4160     -0.41600       367.81     
   1.4180     -0.41800       364.93     
   1.4200     -0.42000       362.06     
   1.4220     -0.42200       359.18     
   1.4240     -0.42400       356.31     
   1.4260     -0.42600       353.43     
   1.4280     -0.42800       350.56     
   1.4300     -0.43000       347.68     
   1.4320     -0.43200       344.81     
   1.4340     -0.43400       341.94     
   1.4360     -0.43600       339.07     
   1.4380     -0.43800       336.20     
   1.4400     -0.44000       333.33     
   1.4420     -0.44200       331.14     
   1.4440     -0.44400       331.28     
   1.4460     -0.44600       331.42     
   1.4480     -0.44800       331.56     
   1.4500     -0.45000       331.70     
   1.4520     -0.45200       331.84     
   1.4540     -0.45400       331.98     
   1.4560     -0.45600       332.13     
   1.4580     -0.45800       332.28     
   1.4600     -0.46000       332.42     
   1.4620     -0.46200       332.57     
   1.4640     -0.46400       332.72     
   1.4660     -0.46600       332.87     
   1.4680     -0.46800       333.02     
   1.4700     -0.47000       333.17     
   1.4720     -0.47200       333.33     
   1.4740     -0.47400       333.48     
   1.4760     -0.47600       333.64     
   1.4780     -0.47800       333.79     
   1.4800     -0.48000       333.95     
   1.4820     -0.48200       334.11     
   1.4840     -0.48400       334.26     
   1.4860     -0.48600       334.41     
   1.4880     -0.48800       334.56     
   1.4900     -0.49000       334.61     
   1.4920     -0.49200       334.62     
   1.4940     -0.49400       334.64     
   1.4960     -0.49600       334.65     
   1.4980     -0.49800       334.67     
   1.5000     -0.50000       334.68     
   1.5020     -0.50200       334.69     
   1.5040     -0.50400       334.71     
   1.5060     -0.50600       334.72     
   1.5080     -0.50800       334.73     
   1.5100     -0.51000       334.75     
   1.5120     -0.51200       334.76     
   1.5140     -0.51400       334.78     
   1.5160     -0.51600       334.79     
   1.5180     -0.51800       334.80     
   1.5200     -0.52000       334.82     
   1.5220     -0.52200       334.83     
   1.5240     -0.52400       334.85     
   1.5260     -0.52600       334.86     
   1.5280     -0.52800       334.80     
   1.5300     -0.53000       334.71     
   1.5320     -0.53200       334.62     
   1.5340     -0.53400       334.53     
   1.5360     -0.53600       334.43     
   1.5380     -0.53800       334.34     
   1.5400     -0.54000       334.25     
   1.5420     -0.54200       334.16     
   1.5440     -0.54400       334.06     
   1.5460     -0.54600       333.97     
   1.5480     -0.54800       333.88     
   1.5500     -0.55000       333.78     
   1.5520     -0.55200       333.69     
   1.5540     -0.55400       333.60     
   1.5560     -0.55600       333.51     
   1.5580     -0.55800       333.41     
   1.5600     -0.56000       333.32     
   1.5620     -0.56200       333.23     
   1.5640     -0.56400       333.14     
   1.5660     -0.56600       333.04     
   1.5680     -0.56800       332.95     
   1.5700     -0.57000       332.86     
   1.5720     -0.57200       332.77     
   1.5740     -0.57400       332.67     
   1.5760     -0.57600       332.58     
   1.5780     -0.57800       332.49     
   1.5800     -0.58000       332.40     
   1.5820     -0.58200       332.30     
   1.5840     -0.58400       332.21     
   1.5860     -0.58600       332.12     
   1.5880     -0.58800       332.03     
   1.5900     -0.59000       331.93     
   1.5920     -0.59200       331.84     
   1.5940     -0.59400       331.75     
   1.5960     -0.59600       331.66     
   1.5980     -0.59800       331.56     
   1.6000     -0.60000       331.47     
   1.6020     -0.60200       331.38     
   1.6040     -0.60400       331.29     
   1.6060     -0.60600       331.19     
   1.6080     -0.60800       331.10     
   1.6100     -0.61000       331.01     
   1.6120     -0.61200       330.92     
   1.6140     -0.61400       330.82     
   1.6160     -0.61600       330.73     
   1.6180     -0.61800       330.64     
   1.6200     -0.62000       330.55     
   1.6220     -0.62200       330.45     
   1.6240     -0.62400       330.36     
   1.6260     -0.62600       330.27     
   1.6280     -0.62800       330.18     
   1.6300     -0.63000       330.08     
   1.6320     -0.63200       329.99     
   1.6340     -0.63400       329.90     
   1.6360     -0.63600       329.81     
   1.6380     -0.63800       329.71     
   1.6400     -0.64000       329.62     
   1.6420     -0.64200       329.53     
   1.6440     -0.64400       329.44     
   1.6460     -0.64600       329.34     
   1.6480     -0.64800       329.25     
   1.6500     -0.65000       329.16     
   1.6520     -0.65200       329.07     
   1.6540     -0.65400       328.98     
   1.6560     -0.65600       328.88     
   1.6580     -0.65800       328.79     
   1.6600     -0.66000       328.70     
   1.6620     -0.66200       328.61     
   1.6640     -0.66400       328.51     
   1.6660     -0.66600       328.42     
   1.6680     -0.66800       328.33     
   1.6700     -0.67000       328.24     
   1.6720     -0.67200       328.18     
   1.6740     -0.67400       328.15     
   1.6760     -0.67600       328.12     
   1.6780     -0.67800       328.08     
   1.6800     -0.68000       328.05     
   1.6820     -0.68200       328.02     
   1.6840     -0.68400       327.99     
   1.6860     -0.68600       327.95     
   1.6880     -0.68800       327.92     
   1.6900     -0.69000       327.89     
   1.6920     -0.69200       327.85     
   1.6940     -0.69400       327.82     
   1.6960     -0.69600       327.79     
   1.6980     -0.69800       327.76     
   1.7000     -0.70000       327.72     
   1.7020     -0.70200       327.69     
   1.7040     -0.70400       327.66     
   1.7060     -0.70600       327.62     
   1.7080     -0.70800       327.59     
   1.7100     -0.71000       327.56     
   1.7120     -0.71200       327.53     
   1.7140     -0.71400       327.49     
   1.7160     -0.71600       327.46     
   1.7180     -0.71800       327.43     
   1.7200     -0.72000       327.39     
   1.7220     -0.72200       327.36     
   1.7240     -0.72400       327.33     
   1.7260     -0.72600       327.29     
   1.7280     -0.72800       327.26     
   1.7300     -0.73000       327.23     
   1.7320     -0.73200       327.20     
   1.7340     -0.73400       327.16     
   1.7360     -0.73600       327.13     
   1.7380     -0.73800       327.10     
   1.7400     -0.74000       327.06     
   1.7420     -0.74200       327.03     
   1.7440     -0.74400       327.00     
   1.7460     -0.74600       326.97     
   1.7480     -0.74800       326.93     
   1.7500     -0.75000       326.90     
   1.7520     -0.75200       326.87     
   1.7540     -0.75400       326.83     
   1.7560     -0.75600       326.80     
   1.7580     -0.75800       326.77     
   1.7600     -0.76000       326.74     
   1.7620     -0.76200       326.70     
   1.7640     -0.76400       326.67     
   1.7660     -0.76600       326.64     
   1.7680     -0.76800       326.60     
   1.7700     -0.77000       326.57     
   1.7720     -0.77200       326.54     
   1.7740     -0.77400       326.51     
   1.7760     -0.77600       326.47     
   1.7780     -0.77800       326.44     
   1.7800     -0.78000       326.41     
   1.7820     -0.78200       326.37     
   1.7840     -0.78400       326.34     
   1.7860     -0.78600       326.31     
   1.7880     -0.78800       326.28     
   1.7900     -0.79000       326.24     
   1.7920     -0.79200       326.21     
   1.7940     -0.79400       326.18     
   1.7960     -0.79600       326.14     
   1.7980     -0.79800       326.11     
   1.8000     -0.80000       326.08     
   1.8020     -0.80200       326.04     
   1.8040     -0.80400       326.01     
   1.8060     -0.80600       325.98     
   1.8080     -0.80800       325.95     
   1.8100     -0.81000       325.91     
   1.8120     -0.81200       325.88     
   1.8140     -0.81400       325.85     
   1.8160     -0.81600       325.81     
   1.8180     -0.81800       325.78     
   1.8200     -0.82000       325.75     
   1.8220     -0.82200       325.72     
   1.8240     -0.82400       325.68     
   1.8260     -0.82600       325.65     
   1.8280     -0.82800       325.62     
   1.8300     -0.83000       325.58     
   1.8320     -0.83200       325.55     
   1.8340     -0.83400       325.52     
   1.8360     -0.83600       325.49     
   1.8380     -0.83800       325.45     
   1.8400     -0.84000       325.42     
   1.8420     -0.84200       325.39     
   1.8440     -0.84400       325.35     
   1.8460     -0.84600       325.32     
   1.8480     -0.84800       325.29     
   1.8500     -0.85000       325.26     
   1.8520     -0.85200       325.22     
   1.8540     -0.85400       325.19     
   1.8560     -0.85600       325.16     
   1.8580     -0.85800       325.12     
   1.8600     -0.86000       325.09     
   1.8620     -0.86200       325.06     
   1.8640     -0.86400       325.03     
   1.8660     -0.86600       324.99     
   1.8680     -0.86800       324.96     
   1.8700     -0.87000       324.93     
   1.8720     -0.87200       324.89     
   1.8740     -0.87400       324.86     
   1.8760     -0.87600       324.83     
   1.8780     -0.87800       324.80     
   1.8800     -0.88000       324.76     
   1.8820     -0.88200       324.73     
   1.8840     -0.88400       324.70     
   1.8860     -0.88600       324.66     
   1.8880     -0.88800       324.63     
   1.8900     -0.89000       324.60     
   1.8920     -0.89200       324.57     
   1.8940     -0.89400       324.53     
   1.8960     -0.89600       324.50     
   1.8980     -0.89800       324.47     
   1.9000     -0.90000       324.43     
   1.9020     -0.90200       324.40     
   1.9040     -0.90400       324.37     
   1.9060     -0.90600       324.34     
   1.9080     -0.90800       324.30     
   1.9100     -0.91000       324.27     
   1.9120     -0.91200       324.24     
   1.9140     -0.91400       324.20     
   1.9160     -0.91600       324.17     
   1.9180     -0.91800       324.14     
   1.9200     -0.92000       324.10     
   1.9220     -0.92200       324.07     
   1.9240     -0.92400       324.04     
   1.9260     -0.92600       324.01     
   1.9280     -0.92800       323.97     
   1.9300     -0.93000       323.94     
   1.9320     -0.93200       323.91     
   1.9340     -0.93400       323.87     
   1.9360     -0.93600       323.84     
   1.9380     -0.93800       323.81     
   1.9400     -0.94000       323.78     
   1.9420     -0.94200       323.71     
   1.9440     -0.94400       323.65     
   1.9460     -0.94600       323.58     
   1.9480     -0.94800       323.52     
   1.9500     -0.95000       323.45     
   1.9520     -0.95200       323.39     
   1.9540     -0.95400       323.32     
   1.9560     -0.95600       323.26     
   1.9580     -0.95800       323.19     
   1.9600     -0.96000       323.13     
   1.9620     -0.96200       323.06     
   1.9640     -0.96400       322.99     
   1.9660     -0.96600       322.93     
   1.9680     -0.96800       322.86     
   1.9700     -0.97000       322.80     
   1.9720     -0.97200       322.73     
   1.9740     -0.97400       322.67     
   1.9760     -0.97600       322.60     
   1.9780     -0.97800       322.54     
   1.9800     -0.98000       322.47     
   1.9820     -0.98200       322.41     
   1.9840     -0.98400       322.34     
   1.9860     -0.98600       322.27     
   1.9880     -0.98800       322.21     
   1.9900     -0.99000       322.14     
   1.9920     -0.99200       322.08     
   1.9940     -0.99400       322.01     
   1.9960     -0.99600       321.95     
   1.9980     -0.99800       321.88     
   2.0000      -1.0000       321.82     



